<?xml version="1.0" encoding="UTF-8"?>
<!-- Generated by org.testng.reporters.JUnitXMLReporter -->
<testsuite ignored="0" hostname="DESKTOP-83U9K5D" failures="0" tests="3" name="Default test" time="7.373" errors="0" timestamp="2023-04-11T13:09:37 IST">
  <testcase classname="Test.PIMTest" name="verifyPimPageTitle" time="1.737"/>
  <testcase classname="Test.PIMTest" name="verifyEmpSearchEmpId" time="0.754"/>
  <testcase classname="Test.PIMTest" name="TestIngChanges" time="0.0"/>
</testsuite> <!-- Default test -->
