<?xml version="1.0" encoding="UTF-8"?>
<!-- Generated by org.testng.reporters.JUnitXMLReporter -->
<testsuite ignored="4" hostname="DESKTOP-83U9K5D" failures="0" tests="6" name="Test" time="26.752" errors="0" timestamp="2023-05-06T09:40:16 IST">
  <testcase classname="test.LoginTest" name="verifyBuildTitleName" time="0.111"/>
  <testcase classname="test.LoginTest" name="verifyCurrentUrlOfPage" time="0.015"/>
  <testcase classname="test.LoginTest" name="verifyLoginWithCorrectCredentials" time="10.239"/>
  <testcase classname="test.MoreTest" name="titleOfDashBoardPage" time="0.031"/>
  <testcase classname="test.MoreTest" name="titleOfMorePage" time="0.257"/>
  <testcase classname="test.MoreTest" name="setting" time="16.002"/>
  <testcase classname="test.BaseTest" name="@AfterSuite logoutUser" time="0.0">
    <ignored/>
  </testcase> <!-- @AfterSuite logoutUser -->
  <testcase classname="test.BaseTest" name="@AfterSuite logoutUser" time="0.0">
    <ignored/>
  </testcase> <!-- @AfterSuite logoutUser -->
  <testcase classname="test.BaseTest" name="@BeforeSuite initBrowser" time="0.0">
    <ignored/>
  </testcase> <!-- @BeforeSuite initBrowser -->
  <testcase classname="test.BaseTest" name="@BeforeSuite initBrowser" time="0.0">
    <ignored/>
  </testcase> <!-- @BeforeSuite initBrowser -->
</testsuite> <!-- Test -->
